Gasmeter v0.5.4 (g96905d9)
Current meter reading: 4207.63 m³
587 4207.63
591 4207.63
590 4207.63
590 4207.63
590 4207.63
586 4207.63
588 4207.63
590 4207.63
591 4207.63
590 4207.63
592 4207.63
591 4207.63
591 4207.63
591 4207.63
588 4207.63
590 4207.63
597 4207.63
601 4207.63
596 4207.63
604 4207.63
599 4207.63
590 4207.63
591 4207.63
588 4207.63
595 4207.63
600 4207.63
601 4207.63
601 4207.63
599 4207.63
602 4207.63
602 4207.63
603 4207.63
604 4207.63
604 4207.63
603 4207.63
602 4207.63
598 4207.63
594 4207.63
597 4207.63
597 4207.63
598 4207.63
598 4207.63
597 4207.63
599 4207.63
600 4207.63
601 4207.63
600 4207.63
603 4207.63
601 4207.63
601 4207.63
599 4207.63
596 4207.63
594 4207.63
598 4207.63
598 4207.63
597 4207.63
603 4207.63
604 4207.63
605 4207.63
595 4207.63
593 4207.63
598 4207.63
596 4207.63
597 4207.63
598 4207.63
598 4207.63
600 4207.63
600 4207.63
601 4207.63
599 4207.63
603 4207.63
603 4207.63
601 4207.63
600 4207.63
598 4207.63
602 4207.63
603 4207.63
601 4207.63
602 4207.63
599 4207.63
599 4207.63
599 4207.63
597 4207.63
598 4207.63
598 4207.63
598 4207.63
597 4207.63
598 4207.63
599 4207.63
600 4207.63
601 4207.63
600 4207.63
597 4207.63
593 4207.63
595 4207.63
600 4207.63
607 4207.63
596 4207.63
603 4207.63
598 4207.63
592 4207.63
591 4207.63
590 4207.63
593 4207.63
592 4207.63
594 4207.63
594 4207.63
594 4207.63
592 4207.63
595 4207.63
599 4207.63
598 4207.63
596 4207.63
597 4207.63
597 4207.63
598 4207.63
595 4207.63
599 4207.63
599 4207.63
599 4207.63
598 4207.63
597 4207.63
594 4207.63
594 4207.63
596 4207.63
593 4207.63
595 4207.63
595 4207.63
595 4207.63
593 4207.63
594 4207.63
593 4207.63
592 4207.63
589 4207.63
592 4207.63
594 4207.63
603 4207.63
606 4207.63
600 4207.63
591 4207.63
588 4207.63
588 4207.63
590 4207.63
590 4207.63
598 4207.63
602 4207.63
607 4207.63
607 4207.63
604 4207.63
608 4207.63
602 4207.63
596 4207.63
592 4207.63
591 4207.63
593 4207.63
594 4207.63
595 4207.63
594 4207.63
596 4207.63
600 4207.63
602 4207.63
602 4207.63
600 4207.63
602 4207.63
602 4207.63
601 4207.63
602 4207.63
602 4207.63
603 4207.63
602 4207.63
602 4207.63
597 4207.63
592 4207.63
588 4207.63
591 4207.63
593 4207.63
597 4207.63
609 4207.63
606 4207.63
596 4207.63
587 4207.63
588 4207.63
587 4207.63
588 4207.63
588 4207.63
584 4207.63
590 4207.63
597 4207.63
603 4207.63
601 4207.63
607 4207.63
615 4207.63
640 4207.63
677 4207.63
701 4207.63
708 4207.63
737 4207.63
853 4207.63
971 4207.63
973 4207.63
972 4207.63
971 4207.63
969 4207.63
969 4207.63
968 4207.63
969 4207.63
965 4207.63
968 4207.63
966 4207.63
966 4207.63
960 4207.63
960 4207.63
965 4207.63
962 4207.63
961 4207.63
965 4207.63
965 4207.63
964 4207.63
924 4207.63
846 4207.63
778 4207.63
673 4207.63
610 4207.64
598 4207.64
593 4207.64
593 4207.64
596 4207.64
596 4207.64
600 4207.64
603 4207.64
601 4207.64
601 4207.64
599 4207.64
599 4207.64
598 4207.64
593 4207.64
597 4207.64
596 4207.64
595 4207.64
595 4207.64
597 4207.64
596 4207.64
595 4207.64
595 4207.64
596 4207.64
587 4207.64
595 4207.64
595 4207.64
595 4207.64
597 4207.64
591 4207.64
595 4207.64
597 4207.64
596 4207.64
598 4207.64
598 4207.64
598 4207.64
598 4207.64
601 4207.64
603 4207.64
605 4207.64
603 4207.64
600 4207.64
592 4207.64
591 4207.64
595 4207.64
596 4207.64
595 4207.64
598 4207.64
599 4207.64
596 4207.64
601 4207.64
602 4207.64
599 4207.64
604 4207.64
603 4207.64
603 4207.64
601 4207.64
599 4207.64
598 4207.64
598 4207.64
595 4207.64
593 4207.64
598 4207.64
602 4207.64
602 4207.64
604 4207.64
605 4207.64
605 4207.64
605 4207.64
604 4207.64
604 4207.64
603 4207.64
601 4207.64
601 4207.64
599 4207.64
595 4207.64
594 4207.64
592 4207.64
592 4207.64
593 4207.64
596 4207.64
601 4207.64
605 4207.64
610 4207.64
606 4207.64
585 4207.64
586 4207.64
587 4207.64
585 4207.64
587 4207.64
588 4207.64
588 4207.64
598 4207.64
601 4207.64
602 4207.64
605 4207.64
605 4207.64
605 4207.64
605 4207.64
605 4207.64
605 4207.64
604 4207.64
602 4207.64
603 4207.64
602 4207.64
600 4207.64
601 4207.64
600 4207.64
596 4207.64
599 4207.64
601 4207.64
602 4207.64
604 4207.64
604 4207.64
604 4207.64
602 4207.64
604 4207.64
594 4207.64
598 4207.64
596 4207.64
598 4207.64
603 4207.64
608 4207.64
607 4207.64
604 4207.64
591 4207.64
591 4207.64
594 4207.64
595 4207.64
596 4207.64
598 4207.64
602 4207.64
603 4207.64
604 4207.64
606 4207.64
603 4207.64
605 4207.64
605 4207.64
605 4207.64
606 4207.64
607 4207.64
606 4207.64
605 4207.64
604 4207.64
600 4207.64
603 4207.64
604 4207.64
602 4207.64
602 4207.64
602 4207.64
602 4207.64
601 4207.64
600 4207.64
599 4207.64
603 4207.64
604 4207.64
603 4207.64
602 4207.64
592 4207.64
590 4207.64
590 4207.64
589 4207.64
591 4207.64
595 4207.64
596 4207.64
603 4207.64
604 4207.64
594 4207.64
588 4207.64
589 4207.64
588 4207.64
590 4207.64
590 4207.64
590 4207.64
590 4207.64
590 4207.64
585 4207.64
589 4207.64
591 4207.64
591 4207.64
593 4207.64
593 4207.64
590 4207.64
592 4207.64
592 4207.64
587 4207.64
591 4207.64
592 4207.64
591 4207.64
592 4207.64
587 4207.64
590 4207.64
591 4207.64
591 4207.64
589 4207.64
590 4207.64
590 4207.64
589 4207.64
592 4207.64
589 4207.64
592 4207.64
592 4207.64
592 4207.64
591 4207.64
592 4207.64
592 4207.64
594 4207.64
600 4207.64
602 4207.64
602 4207.64
601 4207.64
596 4207.64
592 4207.64
590 4207.64
591 4207.64
594 4207.64
600 4207.64
601 4207.64
602 4207.64
602 4207.64
602 4207.64
603 4207.64
603 4207.64
600 4207.64
604 4207.64
603 4207.64
601 4207.64
595 4207.64
598 4207.64
598 4207.64
597 4207.64
597 4207.64
597 4207.64
598 4207.64
598 4207.64
598 4207.64
598 4207.64
599 4207.64
601 4207.64
602 4207.64
603 4207.64
604 4207.64
602 4207.64
598 4207.64
596 4207.64
596 4207.64
593 4207.64
599 4207.64
602 4207.64
603 4207.64
605 4207.64
602 4207.64
597 4207.64
598 4207.64
595 4207.64
597 4207.64
598 4207.64
596 4207.64
596 4207.64
596 4207.64
601 4207.64
598 4207.64
602 4207.64
603 4207.64
603 4207.64
600 4207.64
600 4207.64
599 4207.64
600 4207.64
599 4207.64
602 4207.64
598 4207.64
602 4207.64
603 4207.64
601 4207.64
600 4207.64
599 4207.64
600 4207.64
595 4207.64
600 4207.64
597 4207.64
596 4207.64
598 4207.64
596 4207.64
601 4207.64
599 4207.64
597 4207.64
594 4207.64
594 4207.64
598 4207.64
603 4207.64
606 4207.64
605 4207.64
600 4207.64
595 4207.64
593 4207.64
591 4207.64
591 4207.64
590 4207.64
591 4207.64
592 4207.64
592 4207.64
593 4207.64
592 4207.64
591 4207.64
593 4207.64
595 4207.64
596 4207.64
591 4207.64
597 4207.64
595 4207.64
600 4207.64
599 4207.64
600 4207.64
600 4207.64
599 4207.64
598 4207.64
598 4207.64
594 4207.64
591 4207.64
594 4207.64
592 4207.64
595 4207.64
592 4207.64
595 4207.64
595 4207.64
595 4207.64
593 4207.64
593 4207.64
592 4207.64
592 4207.64
592 4207.64
598 4207.64
603 4207.64
601 4207.64
588 4207.64
588 4207.64
588 4207.64
589 4207.64
589 4207.64
587 4207.64
591 4207.64
599 4207.64
602 4207.64
609 4207.64
608 4207.64
604 4207.64
598 4207.64
594 4207.64
592 4207.64
590 4207.64
594 4207.64
594 4207.64
595 4207.64
596 4207.64
596 4207.64
596 4207.64
601 4207.64
600 4207.64
601 4207.64
599 4207.64
599 4207.64
600 4207.64
600 4207.64
600 4207.64
598 4207.64
600 4207.64
599 4207.64
593 4207.64
591 4207.64
589 4207.64
593 4207.64
594 4207.64
596 4207.64
608 4207.64
608 4207.64
603 4207.64
594 4207.64
586 4207.64
588 4207.64
587 4207.64
587 4207.64
584 4207.64
588 4207.64
591 4207.64
601 4207.64
603 4207.64
599 4207.64
608 4207.64
616 4207.64
639 4207.64
685 4207.64
711 4207.64
711 4207.64
759 4207.64
968 4207.64
972 4207.64
973 4207.64
972 4207.64
972 4207.64
971 4207.64
966 4207.64
970 4207.64
969 4207.64
967 4207.64
966 4207.64
966 4207.64
968 4207.64
967 4207.64
966 4207.64
956 4207.64
965 4207.64
960 4207.64
964 4207.64
964 4207.64
963 4207.64
964 4207.64
900 4207.64
768 4207.64
624 4207.64
601 4207.65
597 4207.65
592 4207.65
592 4207.65
589 4207.65
595 4207.65
599 4207.65
601 4207.65
600 4207.65
597 4207.65
598 4207.65
596 4207.65
598 4207.65
596 4207.65
596 4207.65
596 4207.65
595 4207.65
594 4207.65
592 4207.65
595 4207.65
596 4207.65
595 4207.65
595 4207.65
595 4207.65
595 4207.65
593 4207.65
594 4207.65
595 4207.65
595 4207.65
595 4207.65
597 4207.65
596 4207.65
596 4207.65
599 4207.65
599 4207.65
602 4207.65
603 4207.65
603 4207.65
604 4207.65
603 4207.65
596 4207.65
591 4207.65
594 4207.65
594 4207.65
596 4207.65
597 4207.65
597 4207.65
601 4207.65
601 4207.65
598 4207.65
599 4207.65
603 4207.65
601 4207.65
602 4207.65
600 4207.65
599 4207.65
598 4207.65
598 4207.65
595 4207.65
597 4207.65
598 4207.65
598 4207.65
600 4207.65
600 4207.65
600 4207.65
604 4207.65
603 4207.65
603 4207.65
603 4207.65
604 4207.65
602 4207.65
604 4207.65
602 4207.65
593 4207.65
595 4207.65
593 4207.65
591 4207.65
591 4207.65
593 4207.65
598 4207.65
607 4207.65
608 4207.65
593 4207.65
594 4207.65
586 4207.65
587 4207.65
587 4207.65
582 4207.65
587 4207.65
590 4207.65
596 4207.65
603 4207.65
599 4207.65
603 4207.65
604 4207.65
605 4207.65
604 4207.65
605 4207.65
604 4207.65
604 4207.65
603 4207.65
599 4207.65
600 4207.65
600 4207.65
599 4207.65
594 4207.65
599 4207.65
599 4207.65
599 4207.65
602 4207.65
600 4207.65
603 4207.65
603 4207.65
600 4207.65
596 4207.65
595 4207.65
596 4207.65
599 4207.65
603 4207.65
607 4207.65
607 4207.65
600 4207.65
596 4207.65
592 4207.65
592 4207.65
593 4207.65
595 4207.65
599 4207.65
602 4207.65
601 4207.65
606 4207.65
605 4207.65
605 4207.65
605 4207.65
604 4207.65
605 4207.65
606 4207.65
604 4207.65
600 4207.65
604 4207.65
600 4207.65
601 4207.65
602 4207.65
602 4207.65
602 4207.65
602 4207.65
602 4207.65
603 4207.65
602 4207.65
601 4207.65
603 4207.65
603 4207.65
602 4207.65
597 4207.65
591 4207.65
588 4207.65
589 4207.65
589 4207.65
592 4207.65
601 4207.65
601 4207.65
593 4207.65
593 4207.65
590 4207.65
587 4207.65
587 4207.65
588 4207.65
590 4207.65
590 4207.65
590 4207.65
586 4207.65
588 4207.65
588 4207.65
590 4207.65
592 4207.65
584 4207.65
590 4207.65
591 4207.65
590 4207.65
590 4207.65
591 4207.65
591 4207.65
591 4207.65
590 4207.65
590 4207.65
588 4207.65
590 4207.65
591 4207.65
589 4207.65
586 4207.65
591 4207.65
589 4207.65
590 4207.65
587 4207.65
590 4207.65
590 4207.65
588 4207.65
587 4207.65
593 4207.65
598 4207.65
602 4207.65
603 4207.65
599 4207.65
599 4207.65
591 4207.65
584 4207.65
593 4207.65
600 4207.65
600 4207.65
602 4207.65
602 4207.65
602 4207.65
599 4207.65
601 4207.65
602 4207.65
604 4207.65
600 4207.65
598 4207.65
598 4207.65
596 4207.65
597 4207.65
594 4207.65
596 4207.65
596 4207.65
597 4207.65
597 4207.65
596 4207.65
596 4207.65
597 4207.65
599 4207.65
600 4207.65
602 4207.65
602 4207.65
599 4207.65
594 4207.65
595 4207.65
595 4207.65
596 4207.65
603 4207.65
600 4207.65
601 4207.65
598 4207.65
596 4207.65
596 4207.65
593 4207.65
598 4207.65
595 4207.65
596 4207.65
598 4207.65
599 4207.65
601 4207.65
602 4207.65
601 4207.65
600 4207.65
602 4207.65
600 4207.65
599 4207.65
599 4207.65
599 4207.65
601 4207.65
602 4207.65
601 4207.65
601 4207.65
600 4207.65
595 4207.65
598 4207.65
598 4207.65
595 4207.65
598 4207.65
592 4207.65
598 4207.65
600 4207.65
599 4207.65
597 4207.65
594 4207.65
592 4207.65
591 4207.65
594 4207.65
604 4207.65
605 4207.65
604 4207.65
600 4207.65
596 4207.65
593 4207.65
591 4207.65
588 4207.65
593 4207.65
592 4207.65
594 4207.65
594 4207.65
594 4207.65
595 4207.65
597 4207.65
597 4207.65
595 4207.65
598 4207.65
599 4207.65
599 4207.65
600 4207.65
597 4207.65
599 4207.65
599 4207.65
597 4207.65
595 4207.65
598 4207.65
595 4207.65
594 4207.65
594 4207.65
594 4207.65
593 4207.65
596 4207.65
595 4207.65
593 4207.65
589 4207.65
593 4207.65
593 4207.65
596 4207.65
603 4207.65
595 4207.65
588 4207.65
587 4207.65
588 4207.65
585 4207.65
589 4207.65
590 4207.65
591 4207.65
597 4207.65
602 4207.65
608 4207.65
608 4207.65
604 4207.65
593 4207.65
590 4207.65
591 4207.65
590 4207.65
592 4207.65
594 4207.65
593 4207.65
595 4207.65
596 4207.65
598 4207.65
597 4207.65
600 4207.65
600 4207.65
601 4207.65
601 4207.65
600 4207.65
601 4207.65
601 4207.65
601 4207.65
595 4207.65
591 4207.65
588 4207.65
591 4207.65
591 4207.65
594 4207.65
601 4207.65
607 4207.65
606 4207.65
597 4207.65
591 4207.65
588 4207.65
587 4207.65
586 4207.65
584 4207.65
588 4207.65
590 4207.65
598 4207.65
604 4207.65
603 4207.65
604 4207.65
607 4207.65
620 4207.65
655 4207.65
708 4207.65
709 4207.65
879 4207.65
969 4207.65
972 4207.65
972 4207.65
972 4207.65
972 4207.65
972 4207.65
971 4207.65
969 4207.65
969 4207.65
970 4207.65
968 4207.65
968 4207.65
967 4207.65
968 4207.65
967 4207.65
958 4207.65
961 4207.65
961 4207.65
964 4207.65
962 4207.65
962 4207.65
959 4207.65
807 4207.65
651 4207.65
629 4207.66
611 4207.66
604 4207.66
599 4207.66
589 4207.66
592 4207.66
592 4207.66
596 4207.66
601 4207.66
601 4207.66
600 4207.66
600 4207.66
598 4207.66
597 4207.66
597 4207.66
597 4207.66
596 4207.66
595 4207.66
593 4207.66
595 4207.66
594 4207.66
595 4207.66
595 4207.66
595 4207.66
594 4207.66
596 4207.66
595 4207.66
588 4207.66
594 4207.66
594 4207.66
595 4207.66
598 4207.66
592 4207.66
596 4207.66
599 4207.66
600 4207.66
598 4207.66
603 4207.66
603 4207.66
604 4207.66
603 4207.66
596 4207.66
596 4207.66
594 4207.66
593 4207.66
593 4207.66
592 4207.66
599 4207.66
600 4207.66
600 4207.66
601 4207.66
602 4207.66
602 4207.66
603 4207.66
602 4207.66
597 4207.66
598 4207.66
597 4207.66
596 4207.66
591 4207.66
596 4207.66
597 4207.66
599 4207.66
599 4207.66
602 4207.66
602 4207.66
603 4207.66
605 4207.66
604 4207.66
601 4207.66
603 4207.66
603 4207.66
604 4207.66
603 4207.66
601 4207.66
596 4207.66
595 4207.66
592 4207.66
592 4207.66
589 4207.66
595 4207.66
606 4207.66
605 4207.66
604 4207.66
601 4207.66
596 4207.66
590 4207.66
585 4207.66
579 4207.66
583 4207.66
584 4207.66
586 4207.66
594 4207.66
600 4207.66
601 4207.66
600 4207.66
602 4207.66
602 4207.66
601 4207.66
602 4207.66
600 4207.66
602 4207.66
600 4207.66
601 4207.66
600 4207.66
598 4207.66
596 4207.66
594 4207.66
596 4207.66
594 4207.66
595 4207.66
598 4207.66
600 4207.66
598 4207.66
600 4207.66
597 4207.66
594 4207.66
593 4207.66
595 4207.66
593 4207.66
598 4207.66
604 4207.66
608 4207.66
609 4207.66
602 4207.66
604 4207.66
598 4207.66
594 4207.66
595 4207.66
598 4207.66
600 4207.66
603 4207.66
605 4207.66
605 4207.66
607 4207.66
606 4207.66
605 4207.66
605 4207.66
602 4207.66
607 4207.66
607 4207.66
605 4207.66
604 4207.66
604 4207.66
603 4207.66
602 4207.66
604 4207.66
602 4207.66
604 4207.66
603 4207.66
602 4207.66
603 4207.66
604 4207.66
602 4207.66
604 4207.66
604 4207.66
603 4207.66
600 4207.66
594 4207.66
590 4207.66
589 4207.66
589 4207.66
594 4207.66
605 4207.66
604 4207.66
603 4207.66
598 4207.66
593 4207.66
592 4207.66
589 4207.66
587 4207.66
585 4207.66
590 4207.66
590 4207.66
591 4207.66
590 4207.66
590 4207.66
591 4207.66
590 4207.66
592 4207.66
590 4207.66
591 4207.66
593 4207.66
591 4207.66
591 4207.66
590 4207.66
592 4207.66
592 4207.66
592 4207.66
590 4207.66
591 4207.66
591 4207.66
591 4207.66
589 4207.66
587 4207.66
590 4207.66
593 4207.66
590 4207.66
591 4207.66
593 4207.66
592 4207.66
591 4207.66
592 4207.66
591 4207.66
597 4207.66
601 4207.66
602 4207.66
604 4207.66
604 4207.66
598 4207.66
590 4207.66
591 4207.66
592 4207.66
596 4207.66
602 4207.66
601 4207.66
602 4207.66
599 4207.66
603 4207.66
602 4207.66
604 4207.66
602 4207.66
601 4207.66
600 4207.66
597 4207.66
594 4207.66
594 4207.66
598 4207.66
599 4207.66
597 4207.66
596 4207.66
598 4207.66
595 4207.66
597 4207.66
598 4207.66
597 4207.66
599 4207.66
602 4207.66
602 4207.66
601 4207.66
599 4207.66
597 4207.66
595 4207.66
601 4207.66
601 4207.66
604 4207.66
606 4207.66
604 4207.66
600 4207.66
594 4207.66
599 4207.66
598 4207.66
598 4207.66
598 4207.66
597 4207.66
601 4207.66
601 4207.66
601 4207.66
601 4207.66
603 4207.66
603 4207.66
603 4207.66
602 4207.66
600 4207.66
600 4207.66
600 4207.66
600 4207.66
603 4207.66
603 4207.66
602 4207.66
601 4207.66
598 4207.66
598 4207.66
599 4207.66
597 4207.66
598 4207.66
601 4207.66
600 4207.66
599 4207.66
597 4207.66
596 4207.66
588 4207.66
592 4207.66
599 4207.66
603 4207.66
605 4207.66
604 4207.66
604 4207.66
600 4207.66
595 4207.66
594 4207.66
594 4207.66
593 4207.66
594 4207.66
592 4207.66
590 4207.66
594 4207.66
595 4207.66
597 4207.66
597 4207.66
598 4207.66
598 4207.66
599 4207.66
601 4207.66
600 4207.66
599 4207.66
600 4207.66
600 4207.66
599 4207.66
600 4207.66
599 4207.66
599 4207.66
596 4207.66
593 4207.66
591 4207.66
596 4207.66
595 4207.66
595 4207.66
593 4207.66
593 4207.66
594 4207.66
596 4207.66
605 4207.66
601 4207.66
598 4207.66
588 4207.66
588 4207.66
588 4207.66
588 4207.66
589 4207.66
588 4207.66
596 4207.66
606 4207.66
607 4207.66
608 4207.66
600 4207.66
596 4207.66
591 4207.66
593 4207.66
592 4207.66
593 4207.66
593 4207.66
594 4207.66
596 4207.66
597 4207.66
599 4207.66
598 4207.66
601 4207.66
602 4207.66
602 4207.66
600 4207.66
603 4207.66
601 4207.66
598 4207.66
593 4207.66
590 4207.66
589 4207.66
592 4207.66
594 4207.66
600 4207.66
609 4207.66
610 4207.66
602 4207.66
595 4207.66
586 4207.66
588 4207.66
588 4207.66
589 4207.66
588 4207.66
593 4207.66
605 4207.66
604 4207.66
606 4207.66
624 4207.66
678 4207.66
712 4207.66
745 4207.66
850 4207.66
960 4207.66
973 4207.66
973 4207.66
972 4207.66
973 4207.66
974 4207.66
972 4207.66
970 4207.66
969 4207.66
969 4207.66
969 4207.66
966 4207.66
968 4207.66
966 4207.66
957 4207.66
966 4207.66
961 4207.66
965 4207.66
965 4207.66
872 4207.66
800 4207.66
723 4207.66
656 4207.66
627 4207.67
608 4207.67
599 4207.67
592 4207.67
593 4207.67
596 4207.67
600 4207.67
601 4207.67
600 4207.67
599 4207.67
599 4207.67
598 4207.67
599 4207.67
598 4207.67
592 4207.67
598 4207.67
596 4207.67
595 4207.67
596 4207.67
596 4207.67
596 4207.67
595 4207.67
596 4207.67
595 4207.67
596 4207.67
596 4207.67
595 4207.67
598 4207.67
598 4207.67
597 4207.67
599 4207.67
600 4207.67
602 4207.67
605 4207.67
605 4207.67
604 4207.67
602 4207.67
595 4207.67
594 4207.67
595 4207.67
595 4207.67
595 4207.67
600 4207.67
601 4207.67
601 4207.67
603 4207.67
600 4207.67
603 4207.67
599 4207.67
596 4207.67
598 4207.67
593 4207.67
595 4207.67
596 4207.67
598 4207.67
599 4207.67
601 4207.67
602 4207.67
602 4207.67
602 4207.67
600 4207.67
605 4207.67
604 4207.67
605 4207.67
605 4207.67
603 4207.67
600 4207.67
596 4207.67
593 4207.67
589 4207.67
598 4207.67
602 4207.67
607 4207.67
604 4207.67
607 4207.67
607 4207.67
596 4207.67
591 4207.67
583 4207.67
586 4207.67
585 4207.67
589 4207.67
594 4207.67
605 4207.67
605 4207.67
606 4207.67
606 4207.67
601 4207.67
607 4207.67
605 4207.67
605 4207.67
606 4207.67
605 4207.67
603 4207.67
603 4207.67
601 4207.67
599 4207.67
600 4207.67
598 4207.67
598 4207.67
601 4207.67
604 4207.67
603 4207.67
603 4207.67
600 4207.67
594 4207.67
599 4207.67
596 4207.67
597 4207.67
600 4207.67
605 4207.67
609 4207.67
609 4207.67
605 4207.67
594 4207.67
593 4207.67
595 4207.67
597 4207.67
597 4207.67
601 4207.67
604 4207.67
606 4207.67
606 4207.67
606 4207.67
604 4207.67
607 4207.67
607 4207.67
606 4207.67
605 4207.67
605 4207.67
603 4207.67
605 4207.67
600 4207.67
601 4207.67
603 4207.67
602 4207.67
603 4207.67
604 4207.67
603 4207.67
604 4207.67
603 4207.67
599 4207.67
604 4207.67
604 4207.67
601 4207.67
592 4207.67
590 4207.67
592 4207.67
596 4207.67
599 4207.67
602 4207.67
604 4207.67
603 4207.67
599 4207.67
593 4207.67
589 4207.67
588 4207.67
589 4207.67
590 4207.67
591 4207.67
590 4207.67
588 4207.67
588 4207.67
591 4207.67
588 4207.67
593 4207.67
593 4207.67
593 4207.67
589 4207.67
592 4207.67
592 4207.67
592 4207.67
592 4207.67
588 4207.67
591 4207.67
590 4207.67
590 4207.67
587 4207.67
590 4207.67
591 4207.67
592 4207.67
593 4207.67
592 4207.67
592 4207.67
592 4207.67
592 4207.67
587 4207.67
588 4207.67
592 4207.67
594 4207.67
597 4207.67
601 4207.67
603 4207.67
601 4207.67
594 4207.67
590 4207.67
587 4207.67
594 4207.67
600 4207.67
601 4207.67
603 4207.67
603 4207.67
602 4207.67
603 4207.67
604 4207.67
599 4207.67
603 4207.67
602 4207.67
600 4207.67
599 4207.67
595 4207.67
597 4207.67
598 4207.67
598 4207.67
598 4207.67
594 4207.67
598 4207.67
597 4207.67
598 4207.67
598 4207.67
599 4207.67
601 4207.67
603 4207.67
601 4207.67
593 4207.67
595 4207.67
597 4207.67
599 4207.67
601 4207.67
603 4207.67
605 4207.67
603 4207.67
604 4207.67
599 4207.67
597 4207.67
599 4207.67
599 4207.67
596 4207.67
598 4207.67
600 4207.67
600 4207.67
602 4207.67
602 4207.67
602 4207.67
604 4207.67
603 4207.67
604 4207.67
599 4207.67
599 4207.67
599 4207.67
601 4207.67
601 4207.67
602 4207.67
602 4207.67
601 4207.67
599 4207.67
594 4207.67
598 4207.67
598 4207.67
597 4207.67
598 4207.67
600 4207.67
601 4207.67
598 4207.67
596 4207.67
594 4207.67
593 4207.67
593 4207.67
599 4207.67
601 4207.67
605 4207.67
607 4207.67
601 4207.67
595 4207.67
593 4207.67
593 4207.67
593 4207.67
595 4207.67
593 4207.67
591 4207.67
595 4207.67
595 4207.67
595 4207.67
594 4207.67
594 4207.67
598 4207.67
598 4207.67
599 4207.67
596 4207.67
601 4207.67
600 4207.67
600 4207.67
600 4207.67
600 4207.67
600 4207.67
600 4207.67
600 4207.67
597 4207.67
594 4207.67
596 4207.67
596 4207.67
597 4207.67
596 4207.67
594 4207.67
593 4207.67
593 4207.67
594 4207.67
598 4207.67
603 4207.67
607 4207.67
605 4207.67
592 4207.67
590 4207.67
589 4207.67
589 4207.67
589 4207.67
585 4207.67
593 4207.67
602 4207.67
608 4207.67
608 4207.67
609 4207.67
605 4207.67
601 4207.67
596 4207.67
591 4207.67
593 4207.67
593 4207.67
592 4207.67
593 4207.67
591 4207.67
594 4207.67
595 4207.67
598 4207.67
600 4207.67
602 4207.67
602 4207.67
602 4207.67
602 4207.67
598 4207.67
602 4207.67
600 4207.67
595 4207.67
593 4207.67
591 4207.67
590 4207.67
589 4207.67
593 4207.67
596 4207.67
602 4207.67
607 4207.67
610 4207.67
596 4207.67
591 4207.67
584 4207.67
587 4207.67
588 4207.67
585 4207.67
584 4207.67
594 4207.67
602 4207.67
604 4207.67
603 4207.67
637 4207.67
689 4207.67
710 4207.67
712 4207.67
721 4207.67
761 4207.67
892 4207.67
968 4207.67
973 4207.67
972 4207.67
973 4207.67
972 4207.67
973 4207.67
972 4207.67
973 4207.67
970 4207.67
968 4207.67
969 4207.67
969 4207.67
966 4207.67
967 4207.67
967 4207.67
956 4207.67
964 4207.67
964 4207.67
962 4207.67
965 4207.67
941 4207.67
897 4207.67
842 4207.67
761 4207.67
671 4207.67
618 4207.68
607 4207.68
598 4207.68
593 4207.68
594 4207.68
595 4207.68
601 4207.68
603 4207.68
602 4207.68
597 4207.68
600 4207.68
599 4207.68
600 4207.68
599 4207.68
599 4207.68
598 4207.68
597 4207.68
597 4207.68
594 4207.68
595 4207.68
597 4207.68
597 4207.68
596 4207.68
593 4207.68
594 4207.68
596 4207.68
596 4207.68
595 4207.68
595 4207.68
597 4207.68
598 4207.68
597 4207.68
594 4207.68
597 4207.68
599 4207.68
600 4207.68
599 4207.68
600 4207.68
599 4207.68
600 4207.68
599 4207.68
597 4207.68
596 4207.68
600 4207.68
599 4207.68
600 4207.68
595 4207.68
600 4207.68
600 4207.68
597 4207.68
599 4207.68
596 4207.68
600 4207.68
599 4207.68
600 4207.68
600 4207.68
599 4207.68
600 4207.68
600 4207.68
599 4207.68
601 4207.68
600 4207.68
598 4207.68
600 4207.68
600 4207.68
599 4207.68
600 4207.68
601 4207.68
600 4207.68
599 4207.68
595 4207.68
600 4207.68
600 4207.68
599 4207.68
600 4207.68
601 4207.68
598 4207.68
600 4207.68
599 4207.68
595 4207.68
599 4207.68
599 4207.68
597 4207.68
600 4207.68
599 4207.68
598 4207.68
600 4207.68
600 4207.68
597 4207.68
600 4207.68
600 4207.68
